Using pre-set license
Built from '2022.3/staging' branch; Version is '2022.3.26f1 (ec6cd8118806) revision 15494360'; Using compiler version '192829333'; Build Type 'Release'
OS: 'Windows 10  (10.0.19045) 64bit Core' Language: 'en' Physical Memory: 16310 MB
BatchMode: 1, IsHumanControllingUs: 0, StartBugReporterOnCrash: 0, Is64bit: 1, IsPro: 1

COMMAND LINE ARGUMENTS:
C:\Program Files\Unity\Hub\Editor\2022.3.26f1\Editor\Unity.exe
-adb2
-batchMode
-noUpm
-name
AssetImportWorker0
-projectPath
C:/Users/Chris/Documents/Unity-Retro3D-Shader-Pack/Retro 3D Shader Pack for Unity
-logFile
Logs/AssetImportWorker0.log
-srvPort
62876
Successfully changed project path to: C:/Users/Chris/Documents/Unity-Retro3D-Shader-Pack/Retro 3D Shader Pack for Unity
C:/Users/Chris/Documents/Unity-Retro3D-Shader-Pack/Retro 3D Shader Pack for Unity
[UnityMemory] Configuration Parameters - Can be set up in boot.config
    "memorysetup-bucket-allocator-granularity=16"
    "memorysetup-bucket-allocator-bucket-count=8"
    "memorysetup-bucket-allocator-block-size=33554432"
    "memorysetup-bucket-allocator-block-count=8"
    "memorysetup-main-allocator-block-size=16777216"
    "memorysetup-thread-allocator-block-size=16777216"
    "memorysetup-gfx-main-allocator-block-size=16777216"
    "memorysetup-gfx-thread-allocator-block-size=16777216"
    "memorysetup-cache-allocator-block-size=4194304"
    "memorysetup-typetree-allocator-block-size=2097152"
    "memorysetup-profiler-bucket-allocator-granularity=16"
    "memorysetup-profiler-bucket-allocator-bucket-count=8"
    "memorysetup-profiler-bucket-allocator-block-size=33554432"
    "memorysetup-profiler-bucket-allocator-block-count=8"
    "memorysetup-profiler-allocator-block-size=16777216"
    "memorysetup-profiler-editor-allocator-block-size=1048576"
    "memorysetup-temp-allocator-size-main=16777216"
    "memorysetup-job-temp-allocator-block-size=2097152"
    "memorysetup-job-temp-allocator-block-size-background=1048576"
    "memorysetup-job-temp-allocator-reduction-small-platforms=262144"
    "memorysetup-allocator-temp-initial-block-size-main=262144"
    "memorysetup-allocator-temp-initial-block-size-worker=262144"
    "memorysetup-temp-allocator-size-background-worker=32768"
    "memorysetup-temp-allocator-size-job-worker=262144"
    "memorysetup-temp-allocator-size-preload-manager=33554432"
    "memorysetup-temp-allocator-size-nav-mesh-worker=65536"
    "memorysetup-temp-allocator-size-audio-worker=65536"
    "memorysetup-temp-allocator-size-cloud-worker=32768"
    "memorysetup-temp-allocator-size-gi-baking-worker=262144"
    "memorysetup-temp-allocator-size-gfx=262144"
Player connection [26068] Host "[IP] 192.168.1.4 [Port] 0 [Flags] 2 [Guid] 3702737140 [EditorId] 3702737140 [Version] 1048832 [Id] WindowsEditor(7,DESKTOP-T45VPS7) [Debug] 1 [PackageName] WindowsEditor [ProjectName] Editor" joined multi-casting on [225.0.0.222:54997]...

Player connection [26068] Host "[IP] 192.168.1.4 [Port] 0 [Flags] 2 [Guid] 3702737140 [EditorId] 3702737140 [Version] 1048832 [Id] WindowsEditor(7,DESKTOP-T45VPS7) [Debug] 1 [PackageName] WindowsEditor [ProjectName] Editor" joined alternative multi-casting on [225.0.0.222:34997]...

[Physics::Module] Initialized MultithreadedJobDispatcher with 11 workers.
Refreshing native plugins compatible for Editor in 17.22 ms, found 0 plugins.
Preloading 0 native plugins for Editor in 0.00 ms.
Initialize engine version: 2022.3.26f1 (ec6cd8118806)
[Subsystems] Discovering subsystems at path C:/Program Files/Unity/Hub/Editor/2022.3.26f1/Editor/Data/Resources/UnitySubsystems
[Subsystems] Discovering subsystems at path C:/Users/Chris/Documents/Unity-Retro3D-Shader-Pack/Retro 3D Shader Pack for Unity/Assets
GfxDevice: creating device client; threaded=0; jobified=0
Direct3D:
    Version:  Direct3D 11.0 [level 11.1]
    Renderer: NVIDIA GeForce RTX 3070 (ID=0x2488)
    Vendor:   NVIDIA
    VRAM:     8018 MB
    Driver:   31.0.15.5152
Shader 'Retro 3D Shader Pack/Sprite (Unlit)': fallback shader 'Unlit-Normal' not found
Shader 'Retro 3D Shader Pack/Unlit (Transparent)': fallback shader 'Unlit-Normal' not found
Shader 'Retro 3D Shader Pack/Unlit': fallback shader 'Unlit-Normal' not found
Initialize mono
Mono path[0] = 'C:/Program Files/Unity/Hub/Editor/2022.3.26f1/Editor/Data/Managed'
Mono path[1] = 'C:/Program Files/Unity/Hub/Editor/2022.3.26f1/Editor/Data/MonoBleedingEdge/lib/mono/unityjit-win32'
Mono config path = 'C:/Program Files/Unity/Hub/Editor/2022.3.26f1/Editor/Data/MonoBleedingEdge/etc'
Using monoOptions --debugger-agent=transport=dt_socket,embedding=1,server=y,suspend=n,address=127.0.0.1:56408
Begin MonoManager ReloadAssembly
Registering precompiled unity dll's ...
Register platform support module: C:/Program Files/Unity/Hub/Editor/2022.3.26f1/Editor/Data/PlaybackEngines/AndroidPlayer/UnityEditor.Android.Extensions.dll
Register platform support module: C:/Program Files/Unity/Hub/Editor/2022.3.26f1/Editor/Data/PlaybackEngines/iOSSupport/UnityEditor.iOS.Extensions.dll
Register platform support module: C:/Program Files/Unity/Hub/Editor/2022.3.26f1/Editor/Data/PlaybackEngines/WindowsStandaloneSupport/UnityEditor.WindowsStandalone.Extensions.dll
Registered in 0.014572 seconds.
- Loaded All Assemblies, in  0.336 seconds
Native extension for WindowsStandalone target not found
[usbmuxd] Start listen thread
[usbmuxd] Listen thread started
Native extension for iOS target not found
Native extension for Android target not found
Android Extension - Scanning For ADB Devices 220 ms
Mono: successfully reloaded assembly
- Finished resetting the current domain, in  0.534 seconds
Domain Reload Profiling: 868ms
	BeginReloadAssembly (109ms)
		ExecutionOrderSort (0ms)
		DisableScriptedObjects (0ms)
		BackupInstance (0ms)
		ReleaseScriptingObjects (0ms)
		CreateAndSetChildDomain (1ms)
	RebuildCommonClasses (32ms)
	RebuildNativeTypeToScriptingClass (8ms)
	initialDomainReloadingComplete (68ms)
	LoadAllAssembliesAndSetupDomain (117ms)
		LoadAssemblies (107ms)
		RebuildTransferFunctionScriptingTraits (0ms)
		AnalyzeDomain (114ms)
			TypeCache.Refresh (113ms)
				TypeCache.ScanAssembly (102ms)
			ScanForSourceGeneratedMonoScriptInfo (0ms)
			ResolveRequiredComponents (0ms)
	FinalizeReload (535ms)
		ReleaseScriptCaches (0ms)
		RebuildScriptCaches (0ms)
		SetupLoadedEditorAssemblies (484ms)
			LogAssemblyErrors (0ms)
			InitializePlatformSupportModulesInManaged (334ms)
			SetLoadedEditorAssemblies (3ms)
			RefreshPlugins (0ms)
			BeforeProcessingInitializeOnLoad (2ms)
			ProcessInitializeOnLoadAttributes (98ms)
			ProcessInitializeOnLoadMethodAttributes (46ms)
			AfterProcessingInitializeOnLoad (0ms)
			EditorAssembliesLoaded (0ms)
		ExecutionOrderSort2 (0ms)
		AwakeInstancesAfterBackupRestoration (0ms)
========================================================================
Worker process is ready to serve import requests
Begin MonoManager ReloadAssembly
Symbol file LoadedFromMemory is not a mono symbol file
- Loaded All Assemblies, in  0.624 seconds
Refreshing native plugins compatible for Editor in 13.42 ms, found 0 plugins.
Native extension for WindowsStandalone target not found
Native extension for iOS target not found
Native extension for Android target not found
Mono: successfully reloaded assembly
- Finished resetting the current domain, in  0.777 seconds
Domain Reload Profiling: 1394ms
	BeginReloadAssembly (159ms)
		ExecutionOrderSort (0ms)
		DisableScriptedObjects (5ms)
		BackupInstance (0ms)
		ReleaseScriptingObjects (0ms)
		CreateAndSetChildDomain (35ms)
	RebuildCommonClasses (26ms)
	RebuildNativeTypeToScriptingClass (8ms)
	initialDomainReloadingComplete (41ms)
	LoadAllAssembliesAndSetupDomain (383ms)
		LoadAssemblies (347ms)
		RebuildTransferFunctionScriptingTraits (0ms)
		AnalyzeDomain (117ms)
			TypeCache.Refresh (89ms)
				TypeCache.ScanAssembly (69ms)
			ScanForSourceGeneratedMonoScriptInfo (23ms)
			ResolveRequiredComponents (4ms)
	FinalizeReload (777ms)
		ReleaseScriptCaches (0ms)
		RebuildScriptCaches (0ms)
		SetupLoadedEditorAssemblies (560ms)
			LogAssemblyErrors (0ms)
			InitializePlatformSupportModulesInManaged (41ms)
			SetLoadedEditorAssemblies (5ms)
			RefreshPlugins (0ms)
			BeforeProcessingInitializeOnLoad (110ms)
			ProcessInitializeOnLoadAttributes (195ms)
			ProcessInitializeOnLoadMethodAttributes (200ms)
			AfterProcessingInitializeOnLoad (9ms)
			EditorAssembliesLoaded (0ms)
		ExecutionOrderSort2 (0ms)
		AwakeInstancesAfterBackupRestoration (5ms)
Shader 'Retro 3D Shader Pack/Unlit': fallback shader 'Unlit-Normal' not found
Shader 'Retro 3D Shader Pack/Unlit (Transparent)': fallback shader 'Unlit-Normal' not found
Shader 'Retro 3D Shader Pack/Sprite (Unlit)': fallback shader 'Unlit-Normal' not found
Launched and connected shader compiler UnityShaderCompiler.exe after 0.04 seconds
Refreshing native plugins compatible for Editor in 11.33 ms, found 0 plugins.
Preloading 0 native plugins for Editor in 0.00 ms.
Unloading 2738 Unused Serialized files (Serialized files now loaded: 0)
Unloading 73 unused Assets / (1.8 MB). Loaded Objects now: 3186.
Memory consumption went from 147.3 MB to 145.5 MB.
Total: 9.538400 ms (FindLiveObjects: 0.336700 ms CreateObjectMapping: 0.195800 ms MarkObjects: 8.262200 ms  DeleteObjects: 0.742900 ms)

AssetImportParameters requested are different than current active one (requested -> active):
  custom:video-decoder-webm-vp8: 9c59270c3fd7afecdb556c50c9e8de78 -> 
  custom:SearchIndexIgnoredProperties: e643bd26f0fe6173181afceb89e7c659 -> 
  custom:container-demuxer-ogg: 62fdf1f143b41e24485cea50d1cbac27 -> 
  custom:AudioImporter_EditorPlatform: d09bf68614088b80899f8185d706f6e7 -> 
  custom:video-decoder-ogg-theora: a1e56fd34408186e4bbccfd4996cb3dc -> 
  custom:framework-win-MediaFoundation: 216162199b28c13a410421893ffa2e32 -> 
  custom:video-encoder-webm-vp8: eb34c28f22e8b96e1ab97ce403110664 -> 
  custom:audio-decoder-ogg-vorbis: bf7c407c2cedff20999df2af8eb42d56 -> 
  custom:CustomObjectIndexerAttribute: 9a22284fe3817be447336de3de66b15e -> 
  custom:container-demuxer-webm: 4f35f7cbe854078d1ac9338744f61a02 -> 
  custom:audio-encoder-webm-vorbis: bf7c407c2cedff20999df2af8eb42d56 -> 
  custom:container-muxer-webm: aa71ff27fc2769a1b78a27578f13a17b -> 
========================================================================
Received Import Request.
  Time since last request: 955974.831443 seconds.
  path: Assets/Retro 3D Shader Pack for Unity/README.txt
  artifactKey: Guid(94782b2026bc7424db8c6881ff1bf3a8) Importer(815301076,1909f56bfc062723c751e8b465ee728b)
Start importing Assets/Retro 3D Shader Pack for Unity/README.txt using Guid(94782b2026bc7424db8c6881ff1bf3a8) Importer(815301076,1909f56bfc062723c751e8b465ee728b)  -> (artifact id: '2b0548fa319c82cae5548130cc1b5b62') in 0.008740 seconds
Number of updated asset objects reloaded before import = 0
Number of asset objects unloaded after import = 1
========================================================================
Received Import Request.
  Time since last request: 22.969087 seconds.
  path: Assets/Retro 3D Shader Pack for Unity/Example Scene/Materials/Unlit/Emissive - Unlit.mat
  artifactKey: Guid(bc7aab3b0a8789342b5477aa6b649b72) Importer(815301076,1909f56bfc062723c751e8b465ee728b)
Start importing Assets/Retro 3D Shader Pack for Unity/Example Scene/Materials/Unlit/Emissive - Unlit.mat using Guid(bc7aab3b0a8789342b5477aa6b649b72) Importer(815301076,1909f56bfc062723c751e8b465ee728b)  -> (artifact id: 'f6eaca3fc20ef6fcd20d23d9b549af0c') in 0.056849 seconds
Number of updated asset objects reloaded before import = 0
Number of asset objects unloaded after import = 1
========================================================================
Received Import Request.
  Time since last request: 0.002131 seconds.
  path: Assets/Retro 3D Shader Pack for Unity/Example Scene/Materials
  artifactKey: Guid(9b363faa2d73de6498269a020e2af3dd) Importer(815301076,1909f56bfc062723c751e8b465ee728b)
Start importing Assets/Retro 3D Shader Pack for Unity/Example Scene/Materials using Guid(9b363faa2d73de6498269a020e2af3dd) Importer(815301076,1909f56bfc062723c751e8b465ee728b)  -> (artifact id: '8fb5abce0243b9f6c9ca9ba821a00dfd') in 0.000316 seconds
Number of updated asset objects reloaded before import = 0
Number of asset objects unloaded after import = 0
========================================================================
Received Import Request.
  Time since last request: 0.001789 seconds.
  path: Assets/Retro 3D Shader Pack for Unity/Example Scene/Textures
  artifactKey: Guid(4fd657953e671b74da20c78f2da038f8) Importer(815301076,1909f56bfc062723c751e8b465ee728b)
Start importing Assets/Retro 3D Shader Pack for Unity/Example Scene/Textures using Guid(4fd657953e671b74da20c78f2da038f8) Importer(815301076,1909f56bfc062723c751e8b465ee728b)  -> (artifact id: 'fdb6a41b8512a2904eeef7cb78742e18') in 0.000261 seconds
Number of updated asset objects reloaded before import = 0
Number of asset objects unloaded after import = 0
========================================================================
Received Import Request.
  Time since last request: 0.002496 seconds.
  path: Assets/Retro 3D Shader Pack for Unity/Example Scene/Materials/Vertex Lit/Moss - Vertex Lit.mat
  artifactKey: Guid(893c5424b81339541bb36476d89e0f41) Importer(815301076,1909f56bfc062723c751e8b465ee728b)
Start importing Assets/Retro 3D Shader Pack for Unity/Example Scene/Materials/Vertex Lit/Moss - Vertex Lit.mat using Guid(893c5424b81339541bb36476d89e0f41) Importer(815301076,1909f56bfc062723c751e8b465ee728b)  -> (artifact id: 'f868a7b404dc4ae4ec3396417aa3d4b3') in 0.016580 seconds
Number of updated asset objects reloaded before import = 0
Number of asset objects unloaded after import = 2
========================================================================
Received Import Request.
  Time since last request: 0.005374 seconds.
  path: Assets/Retro 3D Shader Pack for Unity/Example Scene/Materials/Vertex Lit
  artifactKey: Guid(d8b3425ae0a2b694891e68d99af2f3cc) Importer(815301076,1909f56bfc062723c751e8b465ee728b)
Start importing Assets/Retro 3D Shader Pack for Unity/Example Scene/Materials/Vertex Lit using Guid(d8b3425ae0a2b694891e68d99af2f3cc) Importer(815301076,1909f56bfc062723c751e8b465ee728b)  -> (artifact id: '114617fcb71aff121f1464612261c42f') in 0.000333 seconds
Number of updated asset objects reloaded before import = 0
Number of asset objects unloaded after import = 0
========================================================================
Received Import Request.
  Time since last request: 0.001858 seconds.
  path: Assets/Retro 3D Shader Pack for Unity/Example Scene/Materials/Unity Lit
  artifactKey: Guid(04f5cfb7ca4d4e94ea2dee386efc1ddd) Importer(815301076,1909f56bfc062723c751e8b465ee728b)
Start importing Assets/Retro 3D Shader Pack for Unity/Example Scene/Materials/Unity Lit using Guid(04f5cfb7ca4d4e94ea2dee386efc1ddd) Importer(815301076,1909f56bfc062723c751e8b465ee728b)  -> (artifact id: 'd10e17fea858c148d03b2b8d8ffca820') in 0.000261 seconds
Number of updated asset objects reloaded before import = 0
Number of asset objects unloaded after import = 0
========================================================================
Received Import Request.
  Time since last request: 0.002616 seconds.
  path: Assets/Retro 3D Shader Pack for Unity/Example Scene/Materials/Vertex Lit/Brick - Vertex Lit.mat
  artifactKey: Guid(87b2f7bda2667a3419d57dd0833255cb) Importer(815301076,1909f56bfc062723c751e8b465ee728b)
Start importing Assets/Retro 3D Shader Pack for Unity/Example Scene/Materials/Vertex Lit/Brick - Vertex Lit.mat using Guid(87b2f7bda2667a3419d57dd0833255cb) Importer(815301076,1909f56bfc062723c751e8b465ee728b)  -> (artifact id: '8ec9b4b73a87ad2b52f09cd566dcb6d1') in 0.014004 seconds
Number of updated asset objects reloaded before import = 0
Number of asset objects unloaded after import = 2
========================================================================
Received Import Request.
  Time since last request: 0.012406 seconds.
  path: Assets/Retro 3D Shader Pack for Unity/Shaders/RetroVertexLitTransparent.shader
  artifactKey: Guid(3d0c285b0ff7553498602118b3300ba3) Importer(815301076,1909f56bfc062723c751e8b465ee728b)
Start importing Assets/Retro 3D Shader Pack for Unity/Shaders/RetroVertexLitTransparent.shader using Guid(3d0c285b0ff7553498602118b3300ba3) Importer(815301076,1909f56bfc062723c751e8b465ee728b)  -> (artifact id: 'e98b8ddf10d8dc89bbadd4bd9e5aacb7') in 0.000633 seconds
Number of updated asset objects reloaded before import = 0
Number of asset objects unloaded after import = 0
========================================================================
Received Import Request.
  Time since last request: 0.002362 seconds.
  path: Assets/Retro 3D Shader Pack for Unity/Shaders/Editor/RetroUnityLitShaderCustomGUI.cs
  artifactKey: Guid(6641c2191336cac4c81010cf8a50cbfb) Importer(815301076,1909f56bfc062723c751e8b465ee728b)
Start importing Assets/Retro 3D Shader Pack for Unity/Shaders/Editor/RetroUnityLitShaderCustomGUI.cs using Guid(6641c2191336cac4c81010cf8a50cbfb) Importer(815301076,1909f56bfc062723c751e8b465ee728b)  -> (artifact id: '4baccb95fa43425d4fdf79f70ff9d65d') in 0.000317 seconds
Number of updated asset objects reloaded before import = 0
Number of asset objects unloaded after import = 0
========================================================================
Received Import Request.
  Time since last request: 0.002562 seconds.
  path: Assets/Retro 3D Shader Pack for Unity/Example Scene/Materials/Unity Lit/Metal - Unity Lit.mat
  artifactKey: Guid(3aa116a54fe9d16408939437d1c1d701) Importer(815301076,1909f56bfc062723c751e8b465ee728b)
Start importing Assets/Retro 3D Shader Pack for Unity/Example Scene/Materials/Unity Lit/Metal - Unity Lit.mat using Guid(3aa116a54fe9d16408939437d1c1d701) Importer(815301076,1909f56bfc062723c751e8b465ee728b)  -> (artifact id: '21107c48c86c67c21f68e26e1e2f9022') in 0.193875 seconds
Number of updated asset objects reloaded before import = 0
Number of asset objects unloaded after import = 4
========================================================================
Received Import Request.
  Time since last request: 0.006502 seconds.
  path: Assets/Retro 3D Shader Pack for Unity/Example Scene/Materials/Unity Lit/Plain - Unity Lit.mat
  artifactKey: Guid(e097b96de303997429228c360f992987) Importer(815301076,1909f56bfc062723c751e8b465ee728b)
Start importing Assets/Retro 3D Shader Pack for Unity/Example Scene/Materials/Unity Lit/Plain - Unity Lit.mat using Guid(e097b96de303997429228c360f992987) Importer(815301076,1909f56bfc062723c751e8b465ee728b)  -> (artifact id: '4d87eb1e3ed7415e29a0437b386bd3a4') in 0.175641 seconds
Number of updated asset objects reloaded before import = 0
Number of asset objects unloaded after import = 1
========================================================================
Received Import Request.
  Time since last request: 0.006117 seconds.
  path: Assets/Retro 3D Shader Pack for Unity/Example Scene/Materials/Unity Lit/Tile - Unity Lit.mat
  artifactKey: Guid(00fb85eb065af5045b63bda9354928b0) Importer(815301076,1909f56bfc062723c751e8b465ee728b)
Start importing Assets/Retro 3D Shader Pack for Unity/Example Scene/Materials/Unity Lit/Tile - Unity Lit.mat using Guid(00fb85eb065af5045b63bda9354928b0) Importer(815301076,1909f56bfc062723c751e8b465ee728b)  -> (artifact id: '54eb0f6402db2f21c7ff20108488d9a2') in 0.008902 seconds
Number of updated asset objects reloaded before import = 0
Number of asset objects unloaded after import = 3
========================================================================
Received Import Request.
  Time since last request: 0.005945 seconds.
  path: Assets/Retro 3D Shader Pack for Unity/Example Scene/Materials/Vertex Lit/Tile - Vertex Lit.mat
  artifactKey: Guid(adaacf5bc2026ce4a8ef382ea5f96744) Importer(815301076,1909f56bfc062723c751e8b465ee728b)
Start importing Assets/Retro 3D Shader Pack for Unity/Example Scene/Materials/Vertex Lit/Tile - Vertex Lit.mat using Guid(adaacf5bc2026ce4a8ef382ea5f96744) Importer(815301076,1909f56bfc062723c751e8b465ee728b)  -> (artifact id: 'e11f13cc0ca77925b9eb2d63eb0defbc') in 0.008211 seconds
Number of updated asset objects reloaded before import = 0
Number of asset objects unloaded after import = 2
========================================================================
Received Import Request.
  Time since last request: 0.005937 seconds.
  path: Assets/Retro 3D Shader Pack for Unity/Shaders/Sprite Shaders/RetroSpriteUnlit.shader
  artifactKey: Guid(14b70d3bae183b7438ee2d80b599062d) Importer(815301076,1909f56bfc062723c751e8b465ee728b)
Start importing Assets/Retro 3D Shader Pack for Unity/Shaders/Sprite Shaders/RetroSpriteUnlit.shader using Guid(14b70d3bae183b7438ee2d80b599062d) Importer(815301076,1909f56bfc062723c751e8b465ee728b)  -> (artifact id: 'bb2c4f8fe1ea141884b2e2430b3b72f6') in 0.000492 seconds
Number of updated asset objects reloaded before import = 0
Number of asset objects unloaded after import = 0
========================================================================
Received Import Request.
  Time since last request: 0.005625 seconds.
  path: Assets/Retro 3D Shader Pack for Unity/Example Scene/Materials/Flat Lit/Plain - Flat Lit.mat
  artifactKey: Guid(c258aac46e90f7548863b5b2627b40bf) Importer(815301076,1909f56bfc062723c751e8b465ee728b)
Start importing Assets/Retro 3D Shader Pack for Unity/Example Scene/Materials/Flat Lit/Plain - Flat Lit.mat using Guid(c258aac46e90f7548863b5b2627b40bf) Importer(815301076,1909f56bfc062723c751e8b465ee728b)  -> (artifact id: '59fbb2734733c59df273dc0523ccd196') in 0.189570 seconds
Number of updated asset objects reloaded before import = 0
Number of asset objects unloaded after import = 1
========================================================================
Received Import Request.
  Time since last request: 0.005172 seconds.
  path: Assets/Retro 3D Shader Pack for Unity/Example Scene/Textures/Brick
  artifactKey: Guid(a6703f13e1969194d843fb11093f453d) Importer(815301076,1909f56bfc062723c751e8b465ee728b)
Start importing Assets/Retro 3D Shader Pack for Unity/Example Scene/Textures/Brick using Guid(a6703f13e1969194d843fb11093f453d) Importer(815301076,1909f56bfc062723c751e8b465ee728b)  -> (artifact id: 'a83ffaa197df8b728efe69d45eab50a1') in 0.000309 seconds
Number of updated asset objects reloaded before import = 0
Number of asset objects unloaded after import = 0
========================================================================
Received Import Request.
  Time since last request: 0.002537 seconds.
  path: Assets/Retro 3D Shader Pack for Unity/Shaders/Sprite Shaders/Editor/RetroSpriteUnlitShaderCustomGUI.cs
  artifactKey: Guid(3663488743211f34da9031fdee30e4e1) Importer(815301076,1909f56bfc062723c751e8b465ee728b)
Start importing Assets/Retro 3D Shader Pack for Unity/Shaders/Sprite Shaders/Editor/RetroSpriteUnlitShaderCustomGUI.cs using Guid(3663488743211f34da9031fdee30e4e1) Importer(815301076,1909f56bfc062723c751e8b465ee728b)  -> (artifact id: 'b8bd4f2ad142365c0dc62e0e51341718') in 0.000296 seconds
Number of updated asset objects reloaded before import = 0
Number of asset objects unloaded after import = 0
========================================================================
Received Import Request.
  Time since last request: 0.002018 seconds.
  path: Assets/Retro 3D Shader Pack for Unity/Shaders/Sprite Shaders/Editor
  artifactKey: Guid(e67c3673e4a7f41468e5a564d382bd4c) Importer(815301076,1909f56bfc062723c751e8b465ee728b)
Start importing Assets/Retro 3D Shader Pack for Unity/Shaders/Sprite Shaders/Editor using Guid(e67c3673e4a7f41468e5a564d382bd4c) Importer(815301076,1909f56bfc062723c751e8b465ee728b)  -> (artifact id: '8b445f96a9ef1a654130893de3f4bb77') in 0.000239 seconds
Number of updated asset objects reloaded before import = 0
Number of asset objects unloaded after import = 0
========================================================================
Received Import Request.
  Time since last request: 0.005960 seconds.
  path: Assets/Retro 3D Shader Pack for Unity/Example Scene/Materials/Flat Lit/Tile - Flat Lit.mat
  artifactKey: Guid(adfe3a361487ec742981acf454adb49e) Importer(815301076,1909f56bfc062723c751e8b465ee728b)
Start importing Assets/Retro 3D Shader Pack for Unity/Example Scene/Materials/Flat Lit/Tile - Flat Lit.mat using Guid(adfe3a361487ec742981acf454adb49e) Importer(815301076,1909f56bfc062723c751e8b465ee728b)  -> (artifact id: '94a7065483db01eed5259bf1a4ff151d') in 0.008868 seconds
Number of updated asset objects reloaded before import = 0
Number of asset objects unloaded after import = 2
========================================================================
Received Import Request.
  Time since last request: 0.005893 seconds.
  path: Assets/Retro 3D Shader Pack for Unity/Example Scene/Materials/Sprites/Sprite - Unlit.mat
  artifactKey: Guid(83c89471800395645b50490cd10232f0) Importer(815301076,1909f56bfc062723c751e8b465ee728b)
Start importing Assets/Retro 3D Shader Pack for Unity/Example Scene/Materials/Sprites/Sprite - Unlit.mat using Guid(83c89471800395645b50490cd10232f0) Importer(815301076,1909f56bfc062723c751e8b465ee728b)  -> (artifact id: 'fd2410a1ee4812bcfd7ad16716f95927') in 0.008795 seconds
Number of updated asset objects reloaded before import = 0
Number of asset objects unloaded after import = 2
========================================================================
Received Import Request.
  Time since last request: 0.005251 seconds.
  path: Assets/Retro 3D Shader Pack for Unity
  artifactKey: Guid(c79e198534e2e5e449a4456d667a1407) Importer(815301076,1909f56bfc062723c751e8b465ee728b)
Start importing Assets/Retro 3D Shader Pack for Unity using Guid(c79e198534e2e5e449a4456d667a1407) Importer(815301076,1909f56bfc062723c751e8b465ee728b)  -> (artifact id: '3f1d7fe12bc4f7337b727518b421ac2b') in 0.000299 seconds
Number of updated asset objects reloaded before import = 0
Number of asset objects unloaded after import = 0
========================================================================
Received Import Request.
  Time since last request: 0.001760 seconds.
  path: Assets/Retro 3D Shader Pack for Unity/Shaders
  artifactKey: Guid(6cbea220609eed6408f1ecd771cbb972) Importer(815301076,1909f56bfc062723c751e8b465ee728b)
Start importing Assets/Retro 3D Shader Pack for Unity/Shaders using Guid(6cbea220609eed6408f1ecd771cbb972) Importer(815301076,1909f56bfc062723c751e8b465ee728b)  -> (artifact id: '073a8e339e9e053ad5324602496d7372') in 0.000251 seconds
Number of updated asset objects reloaded before import = 0
Number of asset objects unloaded after import = 0
========================================================================
Received Import Request.
  Time since last request: 0.002558 seconds.
  path: Assets/Retro 3D Shader Pack for Unity/Shaders/RetroFlatLitTransparent.shader
  artifactKey: Guid(34a84be9046794e4182a96e652be8cf8) Importer(815301076,1909f56bfc062723c751e8b465ee728b)
Start importing Assets/Retro 3D Shader Pack for Unity/Shaders/RetroFlatLitTransparent.shader using Guid(34a84be9046794e4182a96e652be8cf8) Importer(815301076,1909f56bfc062723c751e8b465ee728b)  -> (artifact id: '1f262666cf68d65a29cba404f2a7ba27') in 0.000521 seconds
Number of updated asset objects reloaded before import = 0
Number of asset objects unloaded after import = 0
========================================================================
Received Import Request.
  Time since last request: 0.001795 seconds.
  path: Assets/Retro 3D Shader Pack for Unity/Shaders/Editor
  artifactKey: Guid(f80ab5f68e162964699d02f74c958c87) Importer(815301076,1909f56bfc062723c751e8b465ee728b)
Start importing Assets/Retro 3D Shader Pack for Unity/Shaders/Editor using Guid(f80ab5f68e162964699d02f74c958c87) Importer(815301076,1909f56bfc062723c751e8b465ee728b)  -> (artifact id: 'bd1ebbc2d5de0b89fe2352907e821dc0') in 0.000236 seconds
Number of updated asset objects reloaded before import = 0
Number of asset objects unloaded after import = 0
========================================================================
Received Import Request.
  Time since last request: 0.002405 seconds.
  path: Assets/Retro 3D Shader Pack for Unity/Example Scene/Materials/Unlit/Metal - Unlit.mat
  artifactKey: Guid(17e21011cdaedb949aa3735973928796) Importer(815301076,1909f56bfc062723c751e8b465ee728b)
Start importing Assets/Retro 3D Shader Pack for Unity/Example Scene/Materials/Unlit/Metal - Unlit.mat using Guid(17e21011cdaedb949aa3735973928796) Importer(815301076,1909f56bfc062723c751e8b465ee728b)  -> (artifact id: '2806763b8a34eef6374dd80cdca19893') in 0.008427 seconds
Number of updated asset objects reloaded before import = 0
Number of asset objects unloaded after import = 2
========================================================================
Received Import Request.
  Time since last request: 0.005220 seconds.
  path: Assets/Retro 3D Shader Pack for Unity/Example Scene/Materials/Unlit/Moss - Unlit.mat
  artifactKey: Guid(3145a192682d46c4c81a446c8c20be85) Importer(815301076,1909f56bfc062723c751e8b465ee728b)
Start importing Assets/Retro 3D Shader Pack for Unity/Example Scene/Materials/Unlit/Moss - Unlit.mat using Guid(3145a192682d46c4c81a446c8c20be85) Importer(815301076,1909f56bfc062723c751e8b465ee728b)  -> (artifact id: '83892be1b598088305b98d1bc0861bc3') in 0.008453 seconds
Number of updated asset objects reloaded before import = 0
Number of asset objects unloaded after import = 2
========================================================================
Received Import Request.
  Time since last request: 0.008092 seconds.
  path: Assets/Retro 3D Shader Pack for Unity/Shaders/Sprite Shaders/RetroSpriteLit.shader
  artifactKey: Guid(5566eed2c9956894096de0820dd3312e) Importer(815301076,1909f56bfc062723c751e8b465ee728b)
Start importing Assets/Retro 3D Shader Pack for Unity/Shaders/Sprite Shaders/RetroSpriteLit.shader using Guid(5566eed2c9956894096de0820dd3312e) Importer(815301076,1909f56bfc062723c751e8b465ee728b)  -> (artifact id: '55a2befee9fb204c62c513926173eed6') in 0.000604 seconds
Number of updated asset objects reloaded before import = 0
Number of asset objects unloaded after import = 0
========================================================================
Received Import Request.
  Time since last request: 0.002531 seconds.
  path: Assets/Retro 3D Shader Pack for Unity/Example Scene/Materials/Vertex Lit/Metal - Vertex Lit.mat
  artifactKey: Guid(aa32af7911e2cc048b886df1abaed1b2) Importer(815301076,1909f56bfc062723c751e8b465ee728b)
Start importing Assets/Retro 3D Shader Pack for Unity/Example Scene/Materials/Vertex Lit/Metal - Vertex Lit.mat using Guid(aa32af7911e2cc048b886df1abaed1b2) Importer(815301076,1909f56bfc062723c751e8b465ee728b)  -> (artifact id: '0f5b0e27c9469b72317d95b071115115') in 0.008989 seconds
Number of updated asset objects reloaded before import = 0
Number of asset objects unloaded after import = 3
========================================================================
Received Import Request.
  Time since last request: 0.005912 seconds.
  path: Assets/Retro 3D Shader Pack for Unity/Shaders/Post-Processing/Editor/RetroPostProcessEditor.cs
  artifactKey: Guid(bc935209b08c2c3418fb77e9b8e40679) Importer(815301076,1909f56bfc062723c751e8b465ee728b)
Start importing Assets/Retro 3D Shader Pack for Unity/Shaders/Post-Processing/Editor/RetroPostProcessEditor.cs using Guid(bc935209b08c2c3418fb77e9b8e40679) Importer(815301076,1909f56bfc062723c751e8b465ee728b)  -> (artifact id: '76b471ae082e7f5d20d8bf26c57b7bc3') in 0.000350 seconds
Number of updated asset objects reloaded before import = 0
Number of asset objects unloaded after import = 0
========================================================================
Received Import Request.
  Time since last request: 0.002535 seconds.
  path: Assets/Retro 3D Shader Pack for Unity/Shaders/RetroFlatLit.shader
  artifactKey: Guid(888365d463dac2d4991412ce79adbcf0) Importer(815301076,1909f56bfc062723c751e8b465ee728b)
Start importing Assets/Retro 3D Shader Pack for Unity/Shaders/RetroFlatLit.shader using Guid(888365d463dac2d4991412ce79adbcf0) Importer(815301076,1909f56bfc062723c751e8b465ee728b)  -> (artifact id: '1cc8080053d69770590da861607871eb') in 0.000543 seconds
Number of updated asset objects reloaded before import = 0
Number of asset objects unloaded after import = 0
========================================================================
Received Import Request.
  Time since last request: 0.002370 seconds.
  path: Assets/Retro 3D Shader Pack for Unity/Shaders/RetroVertexLit.shader
  artifactKey: Guid(91061e341baaad240b2e499231c365c5) Importer(815301076,1909f56bfc062723c751e8b465ee728b)
Start importing Assets/Retro 3D Shader Pack for Unity/Shaders/RetroVertexLit.shader using Guid(91061e341baaad240b2e499231c365c5) Importer(815301076,1909f56bfc062723c751e8b465ee728b)  -> (artifact id: '38e0ca291b053bd80460ab2d7b8d1a96') in 0.000403 seconds
Number of updated asset objects reloaded before import = 0
Number of asset objects unloaded after import = 0
========================================================================
Received Import Request.
  Time since last request: 0.002475 seconds.
  path: Assets/Retro 3D Shader Pack for Unity/Shaders/RetroUnityLit.shader
  artifactKey: Guid(5b6653a24895b9a4881107e190d9a99c) Importer(815301076,1909f56bfc062723c751e8b465ee728b)
Start importing Assets/Retro 3D Shader Pack for Unity/Shaders/RetroUnityLit.shader using Guid(5b6653a24895b9a4881107e190d9a99c) Importer(815301076,1909f56bfc062723c751e8b465ee728b)  -> (artifact id: '21e42ebd6e4c23e4e01aa76a3d670e7c') in 0.000395 seconds
Number of updated asset objects reloaded before import = 0
Number of asset objects unloaded after import = 0
========================================================================
Received Import Request.
  Time since last request: 0.004812 seconds.
  path: Assets/Retro 3D Shader Pack for Unity/Example Scene/Materials/Unity Lit/Moss - Unity Lit.mat
  artifactKey: Guid(56ce1a7cebeb62541a74f640ea1bf5ae) Importer(815301076,1909f56bfc062723c751e8b465ee728b)
Start importing Assets/Retro 3D Shader Pack for Unity/Example Scene/Materials/Unity Lit/Moss - Unity Lit.mat using Guid(56ce1a7cebeb62541a74f640ea1bf5ae) Importer(815301076,1909f56bfc062723c751e8b465ee728b)  -> (artifact id: '2a1940c70dc4c21ccfbb235c6433b82e') in 0.081384 seconds
Number of updated asset objects reloaded before import = 0
Number of asset objects unloaded after import = 2
========================================================================
Received Import Request.
  Time since last request: 0.012610 seconds.
  path: Assets/Retro 3D Shader Pack for Unity/Example Scene/Materials/Unlit/Brick - Unlit.mat
  artifactKey: Guid(2c2c53f5b0614754892bc637f2d85dae) Importer(815301076,1909f56bfc062723c751e8b465ee728b)
Start importing Assets/Retro 3D Shader Pack for Unity/Example Scene/Materials/Unlit/Brick - Unlit.mat using Guid(2c2c53f5b0614754892bc637f2d85dae) Importer(815301076,1909f56bfc062723c751e8b465ee728b)  -> (artifact id: '8e12be4e7c017a1840e1b12c30496ce7') in 0.010279 seconds
Number of updated asset objects reloaded before import = 0
Number of asset objects unloaded after import = 2
========================================================================
Received Import Request.
  Time since last request: 0.007337 seconds.
  path: Assets/Retro 3D Shader Pack for Unity/Example Scene/Textures/Tile
  artifactKey: Guid(bacb8d3b86113b6498d862bb0532c373) Importer(815301076,1909f56bfc062723c751e8b465ee728b)
Start importing Assets/Retro 3D Shader Pack for Unity/Example Scene/Textures/Tile using Guid(bacb8d3b86113b6498d862bb0532c373) Importer(815301076,1909f56bfc062723c751e8b465ee728b)  -> (artifact id: '4061c9e38d52fd86952b3aa0eae34e24') in 0.000401 seconds
Number of updated asset objects reloaded before import = 0
Number of asset objects unloaded after import = 0
========================================================================
Received Import Request.
  Time since last request: 0.012327 seconds.
  path: Assets/Retro 3D Shader Pack for Unity/Example Scene/Materials/Unity Lit/Emissive - Unity Lit.mat
  artifactKey: Guid(d2881205c04641041ab00833acccd867) Importer(815301076,1909f56bfc062723c751e8b465ee728b)
Start importing Assets/Retro 3D Shader Pack for Unity/Example Scene/Materials/Unity Lit/Emissive - Unity Lit.mat using Guid(d2881205c04641041ab00833acccd867) Importer(815301076,1909f56bfc062723c751e8b465ee728b)  -> (artifact id: '15cc9abf416850dd0bf4afb9cd6463a3') in 0.079952 seconds
Number of updated asset objects reloaded before import = 0
Number of asset objects unloaded after import = 1
========================================================================
Received Import Request.
  Time since last request: 0.012725 seconds.
  path: Assets/Retro 3D Shader Pack for Unity/Example Scene/Materials/Vertex Lit/Emissive - Vertex Lit.mat
  artifactKey: Guid(af0898936046fbe41b18e79d5751aabc) Importer(815301076,1909f56bfc062723c751e8b465ee728b)
Start importing Assets/Retro 3D Shader Pack for Unity/Example Scene/Materials/Vertex Lit/Emissive - Vertex Lit.mat using Guid(af0898936046fbe41b18e79d5751aabc) Importer(815301076,1909f56bfc062723c751e8b465ee728b)  -> (artifact id: 'c02a99f18ddb5b489a7f01292d3a1e7e') in 0.007920 seconds
Number of updated asset objects reloaded before import = 0
Number of asset objects unloaded after import = 1
========================================================================
Received Import Request.
  Time since last request: 0.005917 seconds.
  path: Assets/Retro 3D Shader Pack for Unity/Example Scene/Materials/Unlit/Tile - Unlit.mat
  artifactKey: Guid(83c8f2ddaa9b96e42b8b05eb8dc2385e) Importer(815301076,1909f56bfc062723c751e8b465ee728b)
Start importing Assets/Retro 3D Shader Pack for Unity/Example Scene/Materials/Unlit/Tile - Unlit.mat using Guid(83c8f2ddaa9b96e42b8b05eb8dc2385e) Importer(815301076,1909f56bfc062723c751e8b465ee728b)  -> (artifact id: 'f18fc8afd036c9701ab078f45709ba1f') in 0.008071 seconds
Number of updated asset objects reloaded before import = 0
Number of asset objects unloaded after import = 2
========================================================================
Received Import Request.
  Time since last request: 0.003468 seconds.
  path: Assets/Retro 3D Shader Pack for Unity/Shaders/CG_Includes/RetroFlatLit.cginc
  artifactKey: Guid(008a87a3602624d41954e92b9eb88c70) Importer(815301076,1909f56bfc062723c751e8b465ee728b)
Start importing Assets/Retro 3D Shader Pack for Unity/Shaders/CG_Includes/RetroFlatLit.cginc using Guid(008a87a3602624d41954e92b9eb88c70) Importer(815301076,1909f56bfc062723c751e8b465ee728b)  -> (artifact id: '757ef44573b69d2622274401ffbb25aa') in 0.000696 seconds
Number of updated asset objects reloaded before import = 0
Number of asset objects unloaded after import = 1
========================================================================
Received Import Request.
  Time since last request: 0.002403 seconds.
  path: Assets/Retro 3D Shader Pack for Unity/Shaders/RetroUnityLitTransparent.shader
  artifactKey: Guid(44fd1c55cc538ba4b802728513009748) Importer(815301076,1909f56bfc062723c751e8b465ee728b)
Start importing Assets/Retro 3D Shader Pack for Unity/Shaders/RetroUnityLitTransparent.shader using Guid(44fd1c55cc538ba4b802728513009748) Importer(815301076,1909f56bfc062723c751e8b465ee728b)  -> (artifact id: 'f6733b981e54b0d851064182f5fd68b5') in 0.000408 seconds
Number of updated asset objects reloaded before import = 0
Number of asset objects unloaded after import = 0
========================================================================
Received Import Request.
  Time since last request: 0.005126 seconds.
  path: Assets/Retro 3D Shader Pack for Unity/Example Scene/Materials/Vertex Lit/Plain - Vertex Lit.mat
  artifactKey: Guid(f09a022c76538b543b092076d5409bbc) Importer(815301076,1909f56bfc062723c751e8b465ee728b)
Start importing Assets/Retro 3D Shader Pack for Unity/Example Scene/Materials/Vertex Lit/Plain - Vertex Lit.mat using Guid(f09a022c76538b543b092076d5409bbc) Importer(815301076,1909f56bfc062723c751e8b465ee728b)  -> (artifact id: 'c2465e4b97ebb0e7be6e7ed776f808c9') in 0.007516 seconds
Number of updated asset objects reloaded before import = 0
Number of asset objects unloaded after import = 1
========================================================================
Received Import Request.
  Time since last request: 0.008199 seconds.
  path: Assets/Retro 3D Shader Pack for Unity/Shaders/RetroUnlit.shader
  artifactKey: Guid(e70a6b28e5b717f41820512455625611) Importer(815301076,1909f56bfc062723c751e8b465ee728b)
Start importing Assets/Retro 3D Shader Pack for Unity/Shaders/RetroUnlit.shader using Guid(e70a6b28e5b717f41820512455625611) Importer(815301076,1909f56bfc062723c751e8b465ee728b)  -> (artifact id: 'de261fe4f7696a238d5632ec0eb228ac') in 0.000471 seconds
Number of updated asset objects reloaded before import = 0
Number of asset objects unloaded after import = 0
========================================================================
Received Import Request.
  Time since last request: 0.012746 seconds.
  path: Assets/Retro 3D Shader Pack for Unity/Shaders/Sprite Shaders
  artifactKey: Guid(4509f5414ce692c4dab21e91079ab05c) Importer(815301076,1909f56bfc062723c751e8b465ee728b)
Start importing Assets/Retro 3D Shader Pack for Unity/Shaders/Sprite Shaders using Guid(4509f5414ce692c4dab21e91079ab05c) Importer(815301076,1909f56bfc062723c751e8b465ee728b)  -> (artifact id: 'd10ecb71f1434027ca4a5c36669fe746') in 0.000313 seconds
Number of updated asset objects reloaded before import = 0
Number of asset objects unloaded after import = 0
========================================================================
Received Import Request.
  Time since last request: 0.008814 seconds.
  path: Assets/Retro 3D Shader Pack for Unity/Example Scene/Materials/Flat Lit/Metal - Flat Lit.mat
  artifactKey: Guid(a4281946e2ec4f44ebafd011f3c1b0ae) Importer(815301076,1909f56bfc062723c751e8b465ee728b)
Start importing Assets/Retro 3D Shader Pack for Unity/Example Scene/Materials/Flat Lit/Metal - Flat Lit.mat using Guid(a4281946e2ec4f44ebafd011f3c1b0ae) Importer(815301076,1909f56bfc062723c751e8b465ee728b)  -> (artifact id: 'a9a0f6a5de87938c85319236ca1d1f23') in 0.190802 seconds
Number of updated asset objects reloaded before import = 0
Number of asset objects unloaded after import = 3
========================================================================
Received Import Request.
  Time since last request: 0.013275 seconds.
  path: Assets/Retro 3D Shader Pack for Unity/Example Scene/Scripts/ExampleSceneCamera.cs
  artifactKey: Guid(576e9d35e4436e143922eaaf8fda1165) Importer(815301076,1909f56bfc062723c751e8b465ee728b)
Start importing Assets/Retro 3D Shader Pack for Unity/Example Scene/Scripts/ExampleSceneCamera.cs using Guid(576e9d35e4436e143922eaaf8fda1165) Importer(815301076,1909f56bfc062723c751e8b465ee728b)  -> (artifact id: '18988ab9d678351c9a1355a36cb1ddd8') in 0.000554 seconds
Number of updated asset objects reloaded before import = 0
Number of asset objects unloaded after import = 0
========================================================================
Received Import Request.
  Time since last request: 0.002547 seconds.
  path: Assets/Retro 3D Shader Pack for Unity/Shaders/CG_Includes/RetroUnityLit.cginc
  artifactKey: Guid(e1f79bf1fd6becb41a65ca46c6936a1c) Importer(815301076,1909f56bfc062723c751e8b465ee728b)
Start importing Assets/Retro 3D Shader Pack for Unity/Shaders/CG_Includes/RetroUnityLit.cginc using Guid(e1f79bf1fd6becb41a65ca46c6936a1c) Importer(815301076,1909f56bfc062723c751e8b465ee728b)  -> (artifact id: '028be9379154ea5ca00485e6e131c0f4') in 0.000834 seconds
Number of updated asset objects reloaded before import = 0
Number of asset objects unloaded after import = 1
========================================================================
Received Import Request.
  Time since last request: 0.001902 seconds.
  path: Assets/Retro 3D Shader Pack for Unity/Example Scene/Textures/Metal
  artifactKey: Guid(bda289cfdd097884a9b6ef4b917112a0) Importer(815301076,1909f56bfc062723c751e8b465ee728b)
Start importing Assets/Retro 3D Shader Pack for Unity/Example Scene/Textures/Metal using Guid(bda289cfdd097884a9b6ef4b917112a0) Importer(815301076,1909f56bfc062723c751e8b465ee728b)  -> (artifact id: '9f96d4b0c1f1b2a58e6fae56edafa98c') in 0.000270 seconds
Number of updated asset objects reloaded before import = 0
Number of asset objects unloaded after import = 0
========================================================================
Received Import Request.
  Time since last request: 0.004790 seconds.
  path: Assets/Retro 3D Shader Pack for Unity/Example Scene/Example Scene.unity
  artifactKey: Guid(04b3e49b11ffa1e47a5779021582a867) Importer(815301076,1909f56bfc062723c751e8b465ee728b)
Start importing Assets/Retro 3D Shader Pack for Unity/Example Scene/Example Scene.unity using Guid(04b3e49b11ffa1e47a5779021582a867) Importer(815301076,1909f56bfc062723c751e8b465ee728b)  -> (artifact id: '30388b4ee9e6ab9fa4057d80844c6e35') in 0.000324 seconds
Number of updated asset objects reloaded before import = 0
Number of asset objects unloaded after import = 0
========================================================================
Received Import Request.
  Time since last request: 0.004901 seconds.
  path: Assets/Retro 3D Shader Pack for Unity/Example Scene/Materials/Flat Lit
  artifactKey: Guid(e297ca2b27f711b479b7523d4450d0f0) Importer(815301076,1909f56bfc062723c751e8b465ee728b)
Start importing Assets/Retro 3D Shader Pack for Unity/Example Scene/Materials/Flat Lit using Guid(e297ca2b27f711b479b7523d4450d0f0) Importer(815301076,1909f56bfc062723c751e8b465ee728b)  -> (artifact id: '99539aa1fa1f4d0245e48554c39c41f6') in 0.000342 seconds
Number of updated asset objects reloaded before import = 0
Number of asset objects unloaded after import = 0
========================================================================
Received Import Request.
  Time since last request: 0.002551 seconds.
  path: Assets/Retro 3D Shader Pack for Unity/Shaders/CG_Includes/RetroVertexLit.cginc
  artifactKey: Guid(ad6de62dcceef904ba2ec4a86748d9fc) Importer(815301076,1909f56bfc062723c751e8b465ee728b)
Start importing Assets/Retro 3D Shader Pack for Unity/Shaders/CG_Includes/RetroVertexLit.cginc using Guid(ad6de62dcceef904ba2ec4a86748d9fc) Importer(815301076,1909f56bfc062723c751e8b465ee728b)  -> (artifact id: 'd5813225fae257c6694d67a6a2f1ab3d') in 0.000682 seconds
Number of updated asset objects reloaded before import = 0
Number of asset objects unloaded after import = 1
========================================================================
Received Import Request.
  Time since last request: 0.011097 seconds.
  path: Assets/Retro 3D Shader Pack for Unity/Example Scene/Materials/Unity Lit/Brick - Unity Lit.mat
  artifactKey: Guid(3d82259bf45590d4e8e9575ac6d9c056) Importer(815301076,1909f56bfc062723c751e8b465ee728b)
Start importing Assets/Retro 3D Shader Pack for Unity/Example Scene/Materials/Unity Lit/Brick - Unity Lit.mat using Guid(3d82259bf45590d4e8e9575ac6d9c056) Importer(815301076,1909f56bfc062723c751e8b465ee728b)  -> (artifact id: 'cdbff122d2c84e81606b16bc1ae7a56e') in 0.009329 seconds
Number of updated asset objects reloaded before import = 0
Number of asset objects unloaded after import = 3
========================================================================
Received Import Request.
  Time since last request: 0.007840 seconds.
  path: Assets/Retro 3D Shader Pack for Unity/Example Scene/Materials/Flat Lit/Moss - Flat Lit.mat
  artifactKey: Guid(80841a239db6f024aa0cadff594394c1) Importer(815301076,1909f56bfc062723c751e8b465ee728b)
Start importing Assets/Retro 3D Shader Pack for Unity/Example Scene/Materials/Flat Lit/Moss - Flat Lit.mat using Guid(80841a239db6f024aa0cadff594394c1) Importer(815301076,1909f56bfc062723c751e8b465ee728b)  -> (artifact id: '9bd101f4c34341e116e492a5088d5de9') in 0.078650 seconds
Number of updated asset objects reloaded before import = 0
Number of asset objects unloaded after import = 2
========================================================================
Received Import Request.
  Time since last request: 0.006079 seconds.
  path: Assets/Retro 3D Shader Pack for Unity/Example Scene/Materials/Flat Lit/Emissive - Flat Lit.mat
  artifactKey: Guid(7d45b0becd30dbc4f8995d478eabed67) Importer(815301076,1909f56bfc062723c751e8b465ee728b)
Start importing Assets/Retro 3D Shader Pack for Unity/Example Scene/Materials/Flat Lit/Emissive - Flat Lit.mat using Guid(7d45b0becd30dbc4f8995d478eabed67) Importer(815301076,1909f56bfc062723c751e8b465ee728b)  -> (artifact id: '106c2db219318578b80dbe0039b2fe2d') in 0.077608 seconds
Number of updated asset objects reloaded before import = 0
Number of asset objects unloaded after import = 1
========================================================================
Received Import Request.
  Time since last request: 0.016888 seconds.
  path: Assets/Retro 3D Shader Pack for Unity/Example Scene/Materials/Sprites
  artifactKey: Guid(92c5f3ad196a19943871041eaba9e86d) Importer(815301076,1909f56bfc062723c751e8b465ee728b)
Start importing Assets/Retro 3D Shader Pack for Unity/Example Scene/Materials/Sprites using Guid(92c5f3ad196a19943871041eaba9e86d) Importer(815301076,1909f56bfc062723c751e8b465ee728b)  -> (artifact id: '869147ee38eb6b9ded0663ab91a1dac8') in 0.000431 seconds
Number of updated asset objects reloaded before import = 0
Number of asset objects unloaded after import = 0
========================================================================
Received Import Request.
  Time since last request: 0.002445 seconds.
  path: Assets/Retro 3D Shader Pack for Unity/Shaders/Editor/RetroFlatLitShaderCustomGUI.cs
  artifactKey: Guid(7b60480f2e23c2444beecf403d440490) Importer(815301076,1909f56bfc062723c751e8b465ee728b)
Start importing Assets/Retro 3D Shader Pack for Unity/Shaders/Editor/RetroFlatLitShaderCustomGUI.cs using Guid(7b60480f2e23c2444beecf403d440490) Importer(815301076,1909f56bfc062723c751e8b465ee728b)  -> (artifact id: '3336ef3164d01283faeaed481e1d407e') in 0.000324 seconds
Number of updated asset objects reloaded before import = 0
Number of asset objects unloaded after import = 0
========================================================================
Received Import Request.
  Time since last request: 0.002592 seconds.
  path: Assets/Retro 3D Shader Pack for Unity/Shaders/RetroUnlitTransparent.shader
  artifactKey: Guid(15f9c0614224d2740a2381e684b441ac) Importer(815301076,1909f56bfc062723c751e8b465ee728b)
Start importing Assets/Retro 3D Shader Pack for Unity/Shaders/RetroUnlitTransparent.shader using Guid(15f9c0614224d2740a2381e684b441ac) Importer(815301076,1909f56bfc062723c751e8b465ee728b)  -> (artifact id: '09ef0b11f8a4dfadc9f838042852e796') in 0.000517 seconds
Number of updated asset objects reloaded before import = 0
Number of asset objects unloaded after import = 0
========================================================================
Received Import Request.
  Time since last request: 0.002500 seconds.
  path: Assets/Retro 3D Shader Pack for Unity/Example Scene/Materials/Unlit/Plain - Unlit.mat
  artifactKey: Guid(6e39bb261eba6994b847c660970e9cb7) Importer(815301076,1909f56bfc062723c751e8b465ee728b)
Start importing Assets/Retro 3D Shader Pack for Unity/Example Scene/Materials/Unlit/Plain - Unlit.mat using Guid(6e39bb261eba6994b847c660970e9cb7) Importer(815301076,1909f56bfc062723c751e8b465ee728b)  -> (artifact id: 'f3e01b37971c6033553ffeb6816042e8') in 0.008155 seconds
Number of updated asset objects reloaded before import = 0
Number of asset objects unloaded after import = 1
========================================================================
Received Import Request.
  Time since last request: 0.003139 seconds.
  path: Assets/Retro 3D Shader Pack for Unity/Example Scene/Materials/Sprites/Sprite - Lit.mat
  artifactKey: Guid(3520f9dcf5eefcd4693be22df314339b) Importer(815301076,1909f56bfc062723c751e8b465ee728b)
Start importing Assets/Retro 3D Shader Pack for Unity/Example Scene/Materials/Sprites/Sprite - Lit.mat using Guid(3520f9dcf5eefcd4693be22df314339b) Importer(815301076,1909f56bfc062723c751e8b465ee728b)  -> (artifact id: '913c41cabe6d1d92406676c4c301124a') in 0.020390 seconds
Number of updated asset objects reloaded before import = 0
Number of asset objects unloaded after import = 2
========================================================================
Received Import Request.
  Time since last request: 0.013768 seconds.
  path: Assets/Retro 3D Shader Pack for Unity/Example Scene/Materials/Flat Lit/Brick - Flat Lit.mat
  artifactKey: Guid(a62994b0c082ab146b1f4f66e15d0d6b) Importer(815301076,1909f56bfc062723c751e8b465ee728b)
Start importing Assets/Retro 3D Shader Pack for Unity/Example Scene/Materials/Flat Lit/Brick - Flat Lit.mat using Guid(a62994b0c082ab146b1f4f66e15d0d6b) Importer(815301076,1909f56bfc062723c751e8b465ee728b)  -> (artifact id: 'e3b9491564f00d489f57ca9ceee6c485') in 0.008466 seconds
Number of updated asset objects reloaded before import = 0
Number of asset objects unloaded after import = 2
========================================================================
Received Import Request.
  Time since last request: 0.005864 seconds.
  path: Assets/Retro 3D Shader Pack for Unity/Shaders/Sprite Shaders/Editor/RetroSpriteLitShaderCustomGUI.cs
  artifactKey: Guid(ef3906a633cc70847bf196828297857a) Importer(815301076,1909f56bfc062723c751e8b465ee728b)
Start importing Assets/Retro 3D Shader Pack for Unity/Shaders/Sprite Shaders/Editor/RetroSpriteLitShaderCustomGUI.cs using Guid(ef3906a633cc70847bf196828297857a) Importer(815301076,1909f56bfc062723c751e8b465ee728b)  -> (artifact id: 'ad552e77cd92ec5612e443a08524f211') in 0.000372 seconds
Number of updated asset objects reloaded before import = 0
Number of asset objects unloaded after import = 0
========================================================================
Received Prepare
Begin MonoManager ReloadAssembly
Symbol file LoadedFromMemory is not a mono symbol file
- Loaded All Assemblies, in  0.729 seconds
Refreshing native plugins compatible for Editor in 9.79 ms, found 0 plugins.
Native extension for WindowsStandalone target not found
Native extension for iOS target not found
Native extension for Android target not found
Mono: successfully reloaded assembly
- Finished resetting the current domain, in  0.937 seconds
Domain Reload Profiling: 1661ms
	BeginReloadAssembly (436ms)
		ExecutionOrderSort (0ms)
		DisableScriptedObjects (5ms)
		BackupInstance (0ms)
		ReleaseScriptingObjects (0ms)
		CreateAndSetChildDomain (30ms)
	RebuildCommonClasses (28ms)
	RebuildNativeTypeToScriptingClass (8ms)
	initialDomainReloadingComplete (30ms)
	LoadAllAssembliesAndSetupDomain (223ms)
		LoadAssemblies (292ms)
		RebuildTransferFunctionScriptingTraits (0ms)
		AnalyzeDomain (8ms)
			TypeCache.Refresh (4ms)
				TypeCache.ScanAssembly (0ms)
			ScanForSourceGeneratedMonoScriptInfo (0ms)
			ResolveRequiredComponents (3ms)
	FinalizeReload (937ms)
		ReleaseScriptCaches (0ms)
		RebuildScriptCaches (0ms)
		SetupLoadedEditorAssemblies (436ms)
			LogAssemblyErrors (0ms)
			InitializePlatformSupportModulesInManaged (34ms)
			SetLoadedEditorAssemblies (4ms)
			RefreshPlugins (0ms)
			BeforeProcessingInitializeOnLoad (93ms)
			ProcessInitializeOnLoadAttributes (153ms)
			ProcessInitializeOnLoadMethodAttributes (141ms)
			AfterProcessingInitializeOnLoad (10ms)
			EditorAssembliesLoaded (0ms)
		ExecutionOrderSort2 (0ms)
		AwakeInstancesAfterBackupRestoration (7ms)
Shader 'Retro 3D Shader Pack/Unlit': fallback shader 'Unlit-Normal' not found
Shader 'Retro 3D Shader Pack/Unlit (Transparent)': fallback shader 'Unlit-Normal' not found
Shader 'Retro 3D Shader Pack/Sprite (Unlit)': fallback shader 'Unlit-Normal' not found
Refreshing native plugins compatible for Editor in 9.05 ms, found 0 plugins.
Preloading 0 native plugins for Editor in 0.00 ms.
Unloading 2663 Unused Serialized files (Serialized files now loaded: 0)
Unloading 64 unused Assets / (1.8 MB). Loaded Objects now: 3229.
Memory consumption went from 130.3 MB to 128.5 MB.
Total: 6.368800 ms (FindLiveObjects: 0.216900 ms CreateObjectMapping: 0.146900 ms MarkObjects: 5.583100 ms  DeleteObjects: 0.421100 ms)

Prepare: number of updated asset objects reloaded= 0
AssetImportParameters requested are different than current active one (requested -> active):
  custom:video-decoder-webm-vp8: 9c59270c3fd7afecdb556c50c9e8de78 -> 
  custom:SearchIndexIgnoredProperties: e643bd26f0fe6173181afceb89e7c659 -> 
  custom:container-demuxer-ogg: 62fdf1f143b41e24485cea50d1cbac27 -> 
  custom:AudioImporter_EditorPlatform: d09bf68614088b80899f8185d706f6e7 -> 
  custom:video-decoder-ogg-theora: a1e56fd34408186e4bbccfd4996cb3dc -> 
  custom:framework-win-MediaFoundation: 216162199b28c13a410421893ffa2e32 -> 
  custom:video-encoder-webm-vp8: eb34c28f22e8b96e1ab97ce403110664 -> 
  custom:audio-decoder-ogg-vorbis: bf7c407c2cedff20999df2af8eb42d56 -> 
  custom:CustomObjectIndexerAttribute: 9a22284fe3817be447336de3de66b15e -> 
  custom:container-demuxer-webm: 4f35f7cbe854078d1ac9338744f61a02 -> 
  custom:audio-encoder-webm-vorbis: bf7c407c2cedff20999df2af8eb42d56 -> 
  custom:container-muxer-webm: aa71ff27fc2769a1b78a27578f13a17b -> 
========================================================================
Received Import Request.
  Time since last request: 1926.853813 seconds.
  path: Assets/Retro 3D Shader Pack for Unity/README.txt
  artifactKey: Guid(94782b2026bc7424db8c6881ff1bf3a8) Importer(815301076,1909f56bfc062723c751e8b465ee728b)
Start importing Assets/Retro 3D Shader Pack for Unity/README.txt using Guid(94782b2026bc7424db8c6881ff1bf3a8) Importer(815301076,1909f56bfc062723c751e8b465ee728b)  -> (artifact id: 'd124c9401b6acda58a4df59ec1bb1052') in 0.012167 seconds
Number of updated asset objects reloaded before import = 0
Number of asset objects unloaded after import = 1
